2022-09-26 22:23:06.494  INFO [gateway-service,,] 30873 --- [restartedMain] c.k.s.gateway.ApiGatewayApplicationKt    : Starting ApiGatewayApplicationKt using Java 17.0.4.1 on pop-os with PID 30873 (/home/rith/MiniSpring-Microservice/api-gateway/build/classes/kotlin/main started by rith in /home/rith/MiniSpring-Microservice)
2022-09-26 22:23:06.495  INFO [gateway-service,,] 30873 --- [restartedMain] c.k.s.gateway.ApiGatewayApplicationKt    : No active profile set, falling back to 1 default profile: "default"
2022-09-26 22:23:06.540  INFO [gateway-service,,] 30873 --- [restartedMain] o.s.c.c.c.ConfigServerConfigDataLoader   : Fetching config from server at : http://localhost:8008
2022-09-26 22:23:06.540  INFO [gateway-service,,] 30873 --- [restartedMain] o.s.c.c.c.ConfigServerConfigDataLoader   : Located environment: name=gateway-service, profiles=[default], label=null, version=769a50903fdf5d3653afcdaedb5ca2d7e8901c16, state=null
2022-09-26 22:23:06.542  INFO [gateway-service,,] 30873 --- [restartedMain] .e.DevToolsPropertyDefaultsPostProcessor : Devtools property defaults active! Set 'spring.devtools.add-properties' to 'false' to disable
2022-09-26 22:23:06.542  INFO [gateway-service,,] 30873 --- [restartedMain] .e.DevToolsPropertyDefaultsPostProcessor : For additional web related logging consider setting the 'logging.level.web' property to 'DEBUG'
2022-09-26 22:23:07.819  INFO [gateway-service,,] 30873 --- [restartedMain] o.s.cloud.context.scope.GenericScope     : BeanFactory id=569559e1-274c-3cbe-8523-296ed72a0679
2022-09-26 22:23:08.052  INFO [gateway-service,,] 30873 --- [restartedMain] trationDelegate$BeanPostProcessorChecker : Bean 'org.springframework.cloud.client.loadbalancer.reactive.LoadBalancerBeanPostProcessorAutoConfiguration' of type [org.springframework.cloud.client.loadbalancer.reactive.LoadBalancerBeanPostProcessorAutoConfiguration] is not eligible for getting processed by all BeanPostProcessors (for example: not eligible for auto-proxying)
2022-09-26 22:23:08.055  INFO [gateway-service,,] 30873 --- [restartedMain] trationDelegate$BeanPostProcessorChecker : Bean 'org.springframework.cloud.client.loadbalancer.reactive.LoadBalancerBeanPostProcessorAutoConfiguration$ReactorDeferringLoadBalancerFilterConfig' of type [org.springframework.cloud.client.loadbalancer.reactive.LoadBalancerBeanPostProcessorAutoConfiguration$ReactorDeferringLoadBalancerFilterConfig] is not eligible for getting processed by all BeanPostProcessors (for example: not eligible for auto-proxying)
2022-09-26 22:23:08.057  INFO [gateway-service,,] 30873 --- [restartedMain] trationDelegate$BeanPostProcessorChecker : Bean 'reactorDeferringLoadBalancerExchangeFilterFunction' of type [org.springframework.cloud.client.loadbalancer.reactive.DeferringLoadBalancerExchangeFilterFunction] is not eligible for getting processed by all BeanPostProcessors (for example: not eligible for auto-proxying)
2022-09-26 22:23:08.840 DEBUG [gateway-service,,] 30873 --- [restartedMain] o.s.c.gateway.config.GatewayProperties   : Routes supplied from Gateway Properties: [RouteDefinition{id='user-service', predicates=[PredicateDefinition{name='Path', args={_genkey_0=/users/**}}], filters=[FilterDefinition{name='RewritePath', args={_genkey_0=/users/(?<path>.*), _genkey_1=/$\{path}}}], uri=lb://user-service, order=0, metadata={}}, RouteDefinition{id='task-service', predicates=[PredicateDefinition{name='Path', args={_genkey_0=/tasks/**}}], filters=[FilterDefinition{name='RewritePath', args={_genkey_0=/tasks/(?<path>.*), _genkey_1=/$\{path}}}], uri=lb://task-service, order=0, metadata={}}, RouteDefinition{id='openapi', predicates=[PredicateDefinition{name='Path', args={_genkey_0=/v3/api-docs/**}}], filters=[FilterDefinition{name='RewritePath', args={_genkey_0=/v3/api-docs/(?<path>.*), _genkey_1=/$\{path}/v3/api-docs}}], uri=http://localhost:8084, order=0, metadata={}}]
2022-09-26 22:23:09.284  INFO [gateway-service,,] 30873 --- [restartedMain] o.s.c.g.r.RouteDefinitionRouteLocator    : Loaded RoutePredicateFactory [After]
2022-09-26 22:23:09.284  INFO [gateway-service,,] 30873 --- [restartedMain] o.s.c.g.r.RouteDefinitionRouteLocator    : Loaded RoutePredicateFactory [Before]
2022-09-26 22:23:09.284  INFO [gateway-service,,] 30873 --- [restartedMain] o.s.c.g.r.RouteDefinitionRouteLocator    : Loaded RoutePredicateFactory [Between]
2022-09-26 22:23:09.285  INFO [gateway-service,,] 30873 --- [restartedMain] o.s.c.g.r.RouteDefinitionRouteLocator    : Loaded RoutePredicateFactory [Cookie]
2022-09-26 22:23:09.285  INFO [gateway-service,,] 30873 --- [restartedMain] o.s.c.g.r.RouteDefinitionRouteLocator    : Loaded RoutePredicateFactory [Header]
2022-09-26 22:23:09.285  INFO [gateway-service,,] 30873 --- [restartedMain] o.s.c.g.r.RouteDefinitionRouteLocator    : Loaded RoutePredicateFactory [Host]
2022-09-26 22:23:09.285  INFO [gateway-service,,] 30873 --- [restartedMain] o.s.c.g.r.RouteDefinitionRouteLocator    : Loaded RoutePredicateFactory [Method]
2022-09-26 22:23:09.285  INFO [gateway-service,,] 30873 --- [restartedMain] o.s.c.g.r.RouteDefinitionRouteLocator    : Loaded RoutePredicateFactory [Path]
2022-09-26 22:23:09.285  INFO [gateway-service,,] 30873 --- [restartedMain] o.s.c.g.r.RouteDefinitionRouteLocator    : Loaded RoutePredicateFactory [Query]
2022-09-26 22:23:09.285  INFO [gateway-service,,] 30873 --- [restartedMain] o.s.c.g.r.RouteDefinitionRouteLocator    : Loaded RoutePredicateFactory [ReadBody]
2022-09-26 22:23:09.285  INFO [gateway-service,,] 30873 --- [restartedMain] o.s.c.g.r.RouteDefinitionRouteLocator    : Loaded RoutePredicateFactory [RemoteAddr]
2022-09-26 22:23:09.285  INFO [gateway-service,,] 30873 --- [restartedMain] o.s.c.g.r.RouteDefinitionRouteLocator    : Loaded RoutePredicateFactory [XForwardedRemoteAddr]
2022-09-26 22:23:09.285  INFO [gateway-service,,] 30873 --- [restartedMain] o.s.c.g.r.RouteDefinitionRouteLocator    : Loaded RoutePredicateFactory [Weight]
2022-09-26 22:23:09.285  INFO [gateway-service,,] 30873 --- [restartedMain] o.s.c.g.r.RouteDefinitionRouteLocator    : Loaded RoutePredicateFactory [CloudFoundryRouteService]
2022-09-26 22:23:09.393 DEBUG [gateway-service,,] 30873 --- [restartedMain] s.w.r.r.m.a.RequestMappingHandlerMapping : 4 mappings in 'requestMappingHandlerMapping'
2022-09-26 22:23:09.816 DEBUG [gateway-service,,] 30873 --- [restartedMain] o.s.w.r.handler.SimpleUrlHandlerMapping  : Patterns [/webjars/**, /**] in 'resourceHandlerMapping'
2022-09-26 22:23:10.097  INFO [gateway-service,,] 30873 --- [restartedMain] o.s.b.a.e.web.EndpointLinksResolver      : Exposing 19 endpoint(s) beneath base path '/actuator'
2022-09-26 22:23:10.154 DEBUG [gateway-service,,] 30873 --- [restartedMain] o.s.w.r.r.m.a.ControllerMethodResolver   : ControllerAdvice beans: 0 @ModelAttribute, 0 @InitBinder, 1 @ExceptionHandler
2022-09-26 22:23:10.601  WARN [gateway-service,,] 30873 --- [restartedMain] o.s.b.d.a.OptionalLiveReloadServer       : Unable to start LiveReload server
2022-09-26 22:23:10.610  INFO [gateway-service,,] 30873 --- [restartedMain] DiscoveryClientOptionalArgsConfiguration : Eureka HTTP Client uses RestTemplate.
2022-09-26 22:23:10.694  WARN [gateway-service,,] 30873 --- [restartedMain] iguration$LoadBalancerCaffeineWarnLogger : Spring Cloud LoadBalancer is currently working with the default cache. While this cache implementation is useful for development and tests, it's recommended to use Caffeine cache in production.You can switch to using Caffeine cache, by adding it and org.springframework.cache.caffeine.CaffeineCacheManager to the classpath.
2022-09-26 22:23:10.780  INFO [gateway-service,,] 30873 --- [restartedMain] o.s.c.n.eureka.InstanceInfoFactory       : Setting initial instance status as: STARTING
2022-09-26 22:23:10.811  INFO [gateway-service,,] 30873 --- [restartedMain] com.netflix.discovery.DiscoveryClient    : Initializing Eureka in region us-east-1
2022-09-26 22:23:10.817  INFO [gateway-service,,] 30873 --- [restartedMain] c.n.d.s.r.aws.ConfigClusterResolver      : Resolving eureka endpoints via configuration
2022-09-26 22:23:10.841  INFO [gateway-service,,] 30873 --- [restartedMain] com.netflix.discovery.DiscoveryClient    : Disable delta property : false
2022-09-26 22:23:10.842  INFO [gateway-service,,] 30873 --- [restartedMain] com.netflix.discovery.DiscoveryClient    : Single vip registry refresh property : null
2022-09-26 22:23:10.842  INFO [gateway-service,,] 30873 --- [restartedMain] com.netflix.discovery.DiscoveryClient    : Force full registry fetch : false
2022-09-26 22:23:10.842  INFO [gateway-service,,] 30873 --- [restartedMain] com.netflix.discovery.DiscoveryClient    : Application is null : false
2022-09-26 22:23:10.842  INFO [gateway-service,,] 30873 --- [restartedMain] com.netflix.discovery.DiscoveryClient    : Registered Applications size is zero : true
2022-09-26 22:23:10.842  INFO [gateway-service,,] 30873 --- [restartedMain] com.netflix.discovery.DiscoveryClient    : Application version is -1: true
2022-09-26 22:23:10.842  INFO [gateway-service,,] 30873 --- [restartedMain] com.netflix.discovery.DiscoveryClient    : Getting all instance registry info from the eureka server
2022-09-26 22:23:11.113  INFO [gateway-service,,] 30873 --- [restartedMain] com.netflix.discovery.DiscoveryClient    : The response status is 200
2022-09-26 22:23:11.116  INFO [gateway-service,,] 30873 --- [restartedMain] com.netflix.discovery.DiscoveryClient    : Starting heartbeat executor: renew interval is: 30
2022-09-26 22:23:11.119  INFO [gateway-service,,] 30873 --- [restartedMain] c.n.discovery.InstanceInfoReplicator     : InstanceInfoReplicator onDemand update allowed rate per min is 4
2022-09-26 22:23:11.123  INFO [gateway-service,,] 30873 --- [restartedMain] com.netflix.discovery.DiscoveryClient    : Discovery Client initialized at timestamp 1664205791123 with initial instances count: 2
2022-09-26 22:23:11.127  INFO [gateway-service,,] 30873 --- [restartedMain] o.s.c.n.e.s.EurekaServiceRegistry        : Registering application GATEWAY-SERVICE with eureka with status UP
2022-09-26 22:23:11.128  INFO [gateway-service,,] 30873 --- [restartedMain] com.netflix.discovery.DiscoveryClient    : Saw local status change event StatusChangeEvent [timestamp=1664205791128, current=UP, previous=STARTING]
2022-09-26 22:23:11.129  INFO [gateway-service,,] 30873 --- [DiscoveryClient-InstanceInfoReplicator-0] com.netflix.discovery.DiscoveryClient    : DiscoveryClient_GATEWAY-SERVICE/192.168.1.106:gateway-service:8084: registering service...
2022-09-26 22:23:11.156 DEBUG [gateway-service,,] 30873 --- [restartedMain] o.s.c.g.r.RouteDefinitionRouteLocator    : RouteDefinition ReactiveCompositeDiscoveryClient_TASK-SERVICE applying {pattern=/TASK-SERVICE/**} to Path
2022-09-26 22:23:11.161  INFO [gateway-service,,] 30873 --- [DiscoveryClient-InstanceInfoReplicator-0] com.netflix.discovery.DiscoveryClient    : DiscoveryClient_GATEWAY-SERVICE/192.168.1.106:gateway-service:8084 - registration status: 204
2022-09-26 22:23:11.175 DEBUG [gateway-service,,] 30873 --- [restartedMain] o.s.c.g.r.RouteDefinitionRouteLocator    : RouteDefinition ReactiveCompositeDiscoveryClient_TASK-SERVICE applying filter {regexp=/TASK-SERVICE/?(?<remaining>.*), replacement=/${remaining}} to RewritePath
2022-09-26 22:23:11.185 DEBUG [gateway-service,,] 30873 --- [restartedMain] o.s.c.g.r.RouteDefinitionRouteLocator    : RouteDefinition matched: ReactiveCompositeDiscoveryClient_TASK-SERVICE
2022-09-26 22:23:11.186 DEBUG [gateway-service,,] 30873 --- [restartedMain] o.s.c.g.r.RouteDefinitionRouteLocator    : RouteDefinition ReactiveCompositeDiscoveryClient_USER-SERVICE applying {pattern=/USER-SERVICE/**} to Path
2022-09-26 22:23:11.187 DEBUG [gateway-service,,] 30873 --- [restartedMain] o.s.c.g.r.RouteDefinitionRouteLocator    : RouteDefinition ReactiveCompositeDiscoveryClient_USER-SERVICE applying filter {regexp=/USER-SERVICE/?(?<remaining>.*), replacement=/${remaining}} to RewritePath
2022-09-26 22:23:11.188 DEBUG [gateway-service,,] 30873 --- [restartedMain] o.s.c.g.r.RouteDefinitionRouteLocator    : RouteDefinition matched: ReactiveCompositeDiscoveryClient_USER-SERVICE
2022-09-26 22:23:11.188 DEBUG [gateway-service,,] 30873 --- [restartedMain] o.s.c.g.r.RouteDefinitionRouteLocator    : RouteDefinition user-service applying {_genkey_0=/users/**} to Path
2022-09-26 22:23:11.189 DEBUG [gateway-service,,] 30873 --- [restartedMain] o.s.c.g.r.RouteDefinitionRouteLocator    : RouteDefinition user-service applying filter {_genkey_0=/users/(?<path>.*), _genkey_1=/$\{path}} to RewritePath
2022-09-26 22:23:11.190 DEBUG [gateway-service,,] 30873 --- [restartedMain] o.s.c.g.r.RouteDefinitionRouteLocator    : RouteDefinition matched: user-service
2022-09-26 22:23:11.190 DEBUG [gateway-service,,] 30873 --- [restartedMain] o.s.c.g.r.RouteDefinitionRouteLocator    : RouteDefinition task-service applying {_genkey_0=/tasks/**} to Path
2022-09-26 22:23:11.191 DEBUG [gateway-service,,] 30873 --- [restartedMain] o.s.c.g.r.RouteDefinitionRouteLocator    : RouteDefinition task-service applying filter {_genkey_0=/tasks/(?<path>.*), _genkey_1=/$\{path}} to RewritePath
2022-09-26 22:23:11.192 DEBUG [gateway-service,,] 30873 --- [restartedMain] o.s.c.g.r.RouteDefinitionRouteLocator    : RouteDefinition matched: task-service
2022-09-26 22:23:11.192 DEBUG [gateway-service,,] 30873 --- [restartedMain] o.s.c.g.r.RouteDefinitionRouteLocator    : RouteDefinition openapi applying {_genkey_0=/v3/api-docs/**} to Path
2022-09-26 22:23:11.193 DEBUG [gateway-service,,] 30873 --- [restartedMain] o.s.c.g.r.RouteDefinitionRouteLocator    : RouteDefinition openapi applying filter {_genkey_0=/v3/api-docs/(?<path>.*), _genkey_1=/$\{path}/v3/api-docs} to RewritePath
2022-09-26 22:23:11.194 DEBUG [gateway-service,,] 30873 --- [restartedMain] o.s.c.g.r.RouteDefinitionRouteLocator    : RouteDefinition matched: openapi
2022-09-26 22:23:11.200 DEBUG [gateway-service,,] 30873 --- [restartedMain] o.s.c.g.filter.GatewayMetricsFilter      : New routes count: 5
2022-09-26 22:23:11.302  INFO [gateway-service,,] 30873 --- [restartedMain] o.s.b.web.embedded.netty.NettyWebServer  : Netty started on port 8084
2022-09-26 22:23:11.303  INFO [gateway-service,,] 30873 --- [restartedMain] .s.c.n.e.s.EurekaAutoServiceRegistration : Updating port to 8084
2022-09-26 22:23:11.380 DEBUG [gateway-service,,] 30873 --- [restartedMain] o.s.c.g.r.RouteDefinitionRouteLocator    : RouteDefinition ReactiveCompositeDiscoveryClient_TASK-SERVICE applying {pattern=/TASK-SERVICE/**} to Path
2022-09-26 22:23:11.381 DEBUG [gateway-service,,] 30873 --- [restartedMain] o.s.c.g.r.RouteDefinitionRouteLocator    : RouteDefinition ReactiveCompositeDiscoveryClient_TASK-SERVICE applying filter {regexp=/TASK-SERVICE/?(?<remaining>.*), replacement=/${remaining}} to RewritePath
2022-09-26 22:23:11.382 DEBUG [gateway-service,,] 30873 --- [restartedMain] o.s.c.g.r.RouteDefinitionRouteLocator    : RouteDefinition matched: ReactiveCompositeDiscoveryClient_TASK-SERVICE
2022-09-26 22:23:11.383 DEBUG [gateway-service,,] 30873 --- [restartedMain] o.s.c.g.r.RouteDefinitionRouteLocator    : RouteDefinition ReactiveCompositeDiscoveryClient_USER-SERVICE applying {pattern=/USER-SERVICE/**} to Path
2022-09-26 22:23:11.384 DEBUG [gateway-service,,] 30873 --- [restartedMain] o.s.c.g.r.RouteDefinitionRouteLocator    : RouteDefinition ReactiveCompositeDiscoveryClient_USER-SERVICE applying filter {regexp=/USER-SERVICE/?(?<remaining>.*), replacement=/${remaining}} to RewritePath
2022-09-26 22:23:11.385 DEBUG [gateway-service,,] 30873 --- [restartedMain] o.s.c.g.r.RouteDefinitionRouteLocator    : RouteDefinition matched: ReactiveCompositeDiscoveryClient_USER-SERVICE
2022-09-26 22:23:11.386 DEBUG [gateway-service,,] 30873 --- [restartedMain] o.s.c.g.r.RouteDefinitionRouteLocator    : RouteDefinition user-service applying {_genkey_0=/users/**} to Path
2022-09-26 22:23:11.387 DEBUG [gateway-service,,] 30873 --- [restartedMain] o.s.c.g.r.RouteDefinitionRouteLocator    : RouteDefinition user-service applying filter {_genkey_0=/users/(?<path>.*), _genkey_1=/$\{path}} to RewritePath
2022-09-26 22:23:11.387 DEBUG [gateway-service,,] 30873 --- [restartedMain] o.s.c.g.r.RouteDefinitionRouteLocator    : RouteDefinition matched: user-service
2022-09-26 22:23:11.387 DEBUG [gateway-service,,] 30873 --- [restartedMain] o.s.c.g.r.RouteDefinitionRouteLocator    : RouteDefinition task-service applying {_genkey_0=/tasks/**} to Path
2022-09-26 22:23:11.388 DEBUG [gateway-service,,] 30873 --- [restartedMain] o.s.c.g.r.RouteDefinitionRouteLocator    : RouteDefinition task-service applying filter {_genkey_0=/tasks/(?<path>.*), _genkey_1=/$\{path}} to RewritePath
2022-09-26 22:23:11.389 DEBUG [gateway-service,,] 30873 --- [restartedMain] o.s.c.g.r.RouteDefinitionRouteLocator    : RouteDefinition matched: task-service
2022-09-26 22:23:11.390 DEBUG [gateway-service,,] 30873 --- [restartedMain] o.s.c.g.r.RouteDefinitionRouteLocator    : RouteDefinition openapi applying {_genkey_0=/v3/api-docs/**} to Path
2022-09-26 22:23:11.391 DEBUG [gateway-service,,] 30873 --- [restartedMain] o.s.c.g.r.RouteDefinitionRouteLocator    : RouteDefinition openapi applying filter {_genkey_0=/v3/api-docs/(?<path>.*), _genkey_1=/$\{path}/v3/api-docs} to RewritePath
2022-09-26 22:23:11.392 DEBUG [gateway-service,,] 30873 --- [restartedMain] o.s.c.g.r.RouteDefinitionRouteLocator    : RouteDefinition matched: openapi
2022-09-26 22:23:11.395 DEBUG [gateway-service,,] 30873 --- [restartedMain] o.s.c.g.filter.GatewayMetricsFilter      : New routes count: 5
2022-09-26 22:23:11.399  INFO [gateway-service,,] 30873 --- [restartedMain] c.k.s.gateway.ApiGatewayApplicationKt    : Started ApiGatewayApplicationKt in 9.538 seconds (JVM running for 10.417)
2022-09-26 22:23:15.756 DEBUG [gateway-service,f3f3619af2846694,f3f3619af2846694] 30873 --- [reactor-http-epoll-2] o.s.w.r.handler.SimpleUrlHandlerMapping  : [137bd173-1] Mapped to ResourceWebHandler [classpath [META-INF/resources/webjars/]]
2022-09-26 22:23:15.974 DEBUG [gateway-service,ae6581e37e24ff60,ae6581e37e24ff60] 30873 --- [reactor-http-epoll-2] s.w.r.r.m.a.RequestMappingHandlerMapping : [137bd173-2] Mapped to org.springdoc.webflux.ui.SwaggerConfigResource#getSwaggerUiConfig(ServerHttpRequest)
2022-09-26 22:23:15.994 DEBUG [gateway-service,ae6581e37e24ff60,ae6581e37e24ff60] 30873 --- [reactor-http-epoll-2] o.s.w.r.r.m.a.ResponseBodyResultHandler  : [137bd173-2] Using 'application/json' given [*/*] and supported [application/json]
2022-09-26 22:23:15.994 DEBUG [gateway-service,ae6581e37e24ff60,ae6581e37e24ff60] 30873 --- [reactor-http-epoll-2] o.s.w.r.r.m.a.ResponseBodyResultHandler  : [137bd173-2] 0..1 [java.util.Map<java.lang.String, java.lang.Object>]
2022-09-26 22:23:16.062 DEBUG [gateway-service,f478a68be960a8d6,f478a68be960a8d6] 30873 --- [reactor-http-epoll-2] o.s.c.g.h.RoutePredicateHandlerMapping   : Route matched: openapi
2022-09-26 22:23:16.065 DEBUG [gateway-service,f478a68be960a8d6,f478a68be960a8d6] 30873 --- [reactor-http-epoll-2] o.s.c.g.h.RoutePredicateHandlerMapping   : Mapping [Exchange: GET http://192.168.1.106:8084/v3/api-docs/tasks] to Route{id='openapi', uri=http://localhost:8084, order=0, predicate=Paths: [/v3/api-docs/**], match trailing slash: true, gatewayFilters=[[[RewritePath /v3/api-docs/(?<path>.*) = '/${path}/v3/api-docs'], order = 1]], metadata={}}
2022-09-26 22:23:16.066 DEBUG [gateway-service,f478a68be960a8d6,f478a68be960a8d6] 30873 --- [reactor-http-epoll-2] o.s.c.g.h.RoutePredicateHandlerMapping   : [137bd173-3] Mapped to org.springframework.cloud.gateway.handler.FilteringWebHandler@9c6c0d6
2022-09-26 22:23:16.066 DEBUG [gateway-service,f478a68be960a8d6,f478a68be960a8d6] 30873 --- [reactor-http-epoll-2] o.s.c.g.handler.FilteringWebHandler      : Sorted gatewayFilterFactories: [[GatewayFilterAdapter{delegate=org.springframework.cloud.gateway.filter.RemoveCachedBodyFilter@575af301}, order = -2147483648], [GatewayFilterAdapter{delegate=org.springframework.cloud.gateway.filter.AdaptCachedBodyGlobalFilter@45c8221d}, order = -2147482648], [GatewayFilterAdapter{delegate=org.springframework.cloud.gateway.filter.NettyWriteResponseFilter@40a88d}, order = -1], [GatewayFilterAdapter{delegate=org.springframework.cloud.gateway.filter.ForwardPathFilter@7cc3d912}, order = 0], [GatewayFilterAdapter{delegate=org.springframework.cloud.gateway.filter.GatewayMetricsFilter@7900182e}, order = 0], [[RewritePath /v3/api-docs/(?<path>.*) = '/${path}/v3/api-docs'], order = 1], [GatewayFilterAdapter{delegate=org.springframework.cloud.gateway.filter.RouteToRequestUrlFilter@2a65ec22}, order = 10000], [GatewayFilterAdapter{delegate=org.springframework.cloud.gateway.filter.ReactiveLoadBalancerClientFilter@1ff91682}, order = 10150], [GatewayFilterAdapter{delegate=org.springframework.cloud.gateway.filter.LoadBalancerServiceInstanceCookieFilter@283abf0f}, order = 10151], [GatewayFilterAdapter{delegate=org.springframework.cloud.gateway.filter.WebsocketRoutingFilter@7c01ff70}, order = 2147483646], [GatewayFilterAdapter{delegate=org.springframework.cloud.gateway.filter.NettyRoutingFilter@12883f96}, order = 2147483647], [GatewayFilterAdapter{delegate=org.springframework.cloud.gateway.filter.ForwardRoutingFilter@79421277}, order = 2147483647]]
2022-09-26 22:23:16.190 DEBUG [gateway-service,f478a68be960a8d6,55d83f2b7f96fa78] 30873 --- [reactor-http-epoll-4] o.s.c.g.h.RoutePredicateHandlerMapping   : Route matched: task-service
2022-09-26 22:23:16.190 DEBUG [gateway-service,f478a68be960a8d6,55d83f2b7f96fa78] 30873 --- [reactor-http-epoll-4] o.s.c.g.h.RoutePredicateHandlerMapping   : Mapping [Exchange: GET http://localhost:8084/tasks/v3/api-docs] to Route{id='task-service', uri=lb://task-service, order=0, predicate=Paths: [/tasks/**], match trailing slash: true, gatewayFilters=[[[RewritePath /tasks/(?<path>.*) = '/${path}'], order = 1]], metadata={}}
2022-09-26 22:23:16.190 DEBUG [gateway-service,f478a68be960a8d6,55d83f2b7f96fa78] 30873 --- [reactor-http-epoll-4] o.s.c.g.h.RoutePredicateHandlerMapping   : [b78f24ef-4] Mapped to org.springframework.cloud.gateway.handler.FilteringWebHandler@9c6c0d6
2022-09-26 22:23:16.191 DEBUG [gateway-service,f478a68be960a8d6,55d83f2b7f96fa78] 30873 --- [reactor-http-epoll-4] o.s.c.g.handler.FilteringWebHandler      : Sorted gatewayFilterFactories: [[GatewayFilterAdapter{delegate=org.springframework.cloud.gateway.filter.RemoveCachedBodyFilter@575af301}, order = -2147483648], [GatewayFilterAdapter{delegate=org.springframework.cloud.gateway.filter.AdaptCachedBodyGlobalFilter@45c8221d}, order = -2147482648], [GatewayFilterAdapter{delegate=org.springframework.cloud.gateway.filter.NettyWriteResponseFilter@40a88d}, order = -1], [GatewayFilterAdapter{delegate=org.springframework.cloud.gateway.filter.ForwardPathFilter@7cc3d912}, order = 0], [GatewayFilterAdapter{delegate=org.springframework.cloud.gateway.filter.GatewayMetricsFilter@7900182e}, order = 0], [[RewritePath /tasks/(?<path>.*) = '/${path}'], order = 1], [GatewayFilterAdapter{delegate=org.springframework.cloud.gateway.filter.RouteToRequestUrlFilter@2a65ec22}, order = 10000], [GatewayFilterAdapter{delegate=org.springframework.cloud.gateway.filter.ReactiveLoadBalancerClientFilter@1ff91682}, order = 10150], [GatewayFilterAdapter{delegate=org.springframework.cloud.gateway.filter.LoadBalancerServiceInstanceCookieFilter@283abf0f}, order = 10151], [GatewayFilterAdapter{delegate=org.springframework.cloud.gateway.filter.WebsocketRoutingFilter@7c01ff70}, order = 2147483646], [GatewayFilterAdapter{delegate=org.springframework.cloud.gateway.filter.NettyRoutingFilter@12883f96}, order = 2147483647], [GatewayFilterAdapter{delegate=org.springframework.cloud.gateway.filter.ForwardRoutingFilter@79421277}, order = 2147483647]]
2022-09-26 22:23:16.249 DEBUG [gateway-service,f478a68be960a8d6,55d83f2b7f96fa78] 30873 --- [reactor-http-epoll-4] o.s.c.g.r.RouteDefinitionRouteLocator    : RouteDefinition ReactiveCompositeDiscoveryClient_TASK-SERVICE applying {pattern=/TASK-SERVICE/**} to Path
2022-09-26 22:23:16.250 DEBUG [gateway-service,f478a68be960a8d6,55d83f2b7f96fa78] 30873 --- [reactor-http-epoll-4] o.s.c.g.r.RouteDefinitionRouteLocator    : RouteDefinition ReactiveCompositeDiscoveryClient_TASK-SERVICE applying filter {regexp=/TASK-SERVICE/?(?<remaining>.*), replacement=/${remaining}} to RewritePath
2022-09-26 22:23:16.251 DEBUG [gateway-service,f478a68be960a8d6,55d83f2b7f96fa78] 30873 --- [reactor-http-epoll-4] o.s.c.g.r.RouteDefinitionRouteLocator    : RouteDefinition matched: ReactiveCompositeDiscoveryClient_TASK-SERVICE
2022-09-26 22:23:16.251 DEBUG [gateway-service,f478a68be960a8d6,55d83f2b7f96fa78] 30873 --- [reactor-http-epoll-4] o.s.c.g.r.RouteDefinitionRouteLocator    : RouteDefinition ReactiveCompositeDiscoveryClient_USER-SERVICE applying {pattern=/USER-SERVICE/**} to Path
2022-09-26 22:23:16.252 DEBUG [gateway-service,f478a68be960a8d6,55d83f2b7f96fa78] 30873 --- [reactor-http-epoll-4] o.s.c.g.r.RouteDefinitionRouteLocator    : RouteDefinition ReactiveCompositeDiscoveryClient_USER-SERVICE applying filter {regexp=/USER-SERVICE/?(?<remaining>.*), replacement=/${remaining}} to RewritePath
2022-09-26 22:23:16.253 DEBUG [gateway-service,f478a68be960a8d6,55d83f2b7f96fa78] 30873 --- [reactor-http-epoll-4] o.s.c.g.r.RouteDefinitionRouteLocator    : RouteDefinition matched: ReactiveCompositeDiscoveryClient_USER-SERVICE
2022-09-26 22:23:16.253 DEBUG [gateway-service,f478a68be960a8d6,55d83f2b7f96fa78] 30873 --- [reactor-http-epoll-4] o.s.c.g.r.RouteDefinitionRouteLocator    : RouteDefinition user-service applying {_genkey_0=/users/**} to Path
2022-09-26 22:23:16.254 DEBUG [gateway-service,f478a68be960a8d6,55d83f2b7f96fa78] 30873 --- [reactor-http-epoll-4] o.s.c.g.r.RouteDefinitionRouteLocator    : RouteDefinition user-service applying filter {_genkey_0=/users/(?<path>.*), _genkey_1=/$\{path}} to RewritePath
2022-09-26 22:23:16.255 DEBUG [gateway-service,f478a68be960a8d6,55d83f2b7f96fa78] 30873 --- [reactor-http-epoll-4] o.s.c.g.r.RouteDefinitionRouteLocator    : RouteDefinition matched: user-service
2022-09-26 22:23:16.255 DEBUG [gateway-service,f478a68be960a8d6,55d83f2b7f96fa78] 30873 --- [reactor-http-epoll-4] o.s.c.g.r.RouteDefinitionRouteLocator    : RouteDefinition task-service applying {_genkey_0=/tasks/**} to Path
2022-09-26 22:23:16.256 DEBUG [gateway-service,f478a68be960a8d6,55d83f2b7f96fa78] 30873 --- [reactor-http-epoll-4] o.s.c.g.r.RouteDefinitionRouteLocator    : RouteDefinition task-service applying filter {_genkey_0=/tasks/(?<path>.*), _genkey_1=/$\{path}} to RewritePath
2022-09-26 22:23:16.257 DEBUG [gateway-service,f478a68be960a8d6,55d83f2b7f96fa78] 30873 --- [reactor-http-epoll-4] o.s.c.g.r.RouteDefinitionRouteLocator    : RouteDefinition matched: task-service
2022-09-26 22:23:16.257 DEBUG [gateway-service,f478a68be960a8d6,55d83f2b7f96fa78] 30873 --- [reactor-http-epoll-4] o.s.c.g.r.RouteDefinitionRouteLocator    : RouteDefinition openapi applying {_genkey_0=/v3/api-docs/**} to Path
2022-09-26 22:23:16.258 DEBUG [gateway-service,f478a68be960a8d6,55d83f2b7f96fa78] 30873 --- [reactor-http-epoll-4] o.s.c.g.r.RouteDefinitionRouteLocator    : RouteDefinition openapi applying filter {_genkey_0=/v3/api-docs/(?<path>.*), _genkey_1=/$\{path}/v3/api-docs} to RewritePath
2022-09-26 22:23:16.258 DEBUG [gateway-service,f478a68be960a8d6,55d83f2b7f96fa78] 30873 --- [reactor-http-epoll-4] o.s.c.g.r.RouteDefinitionRouteLocator    : RouteDefinition matched: openapi
2022-09-26 22:23:16.260 DEBUG [gateway-service,f478a68be960a8d6,55d83f2b7f96fa78] 30873 --- [reactor-http-epoll-4] o.s.c.g.filter.GatewayMetricsFilter      : New routes count: 5
2022-09-26 22:23:19.212 DEBUG [gateway-service,62671175c301fd80,62671175c301fd80] 30873 --- [reactor-http-epoll-2] o.s.c.g.h.RoutePredicateHandlerMapping   : Route matched: openapi
2022-09-26 22:23:19.212 DEBUG [gateway-service,62671175c301fd80,62671175c301fd80] 30873 --- [reactor-http-epoll-2] o.s.c.g.h.RoutePredicateHandlerMapping   : Mapping [Exchange: GET http://192.168.1.106:8084/v3/api-docs/users] to Route{id='openapi', uri=http://localhost:8084, order=0, predicate=Paths: [/v3/api-docs/**], match trailing slash: true, gatewayFilters=[[[RewritePath /v3/api-docs/(?<path>.*) = '/${path}/v3/api-docs'], order = 1]], metadata={}}
2022-09-26 22:23:19.213 DEBUG [gateway-service,62671175c301fd80,62671175c301fd80] 30873 --- [reactor-http-epoll-2] o.s.c.g.h.RoutePredicateHandlerMapping   : [137bd173-5] Mapped to org.springframework.cloud.gateway.handler.FilteringWebHandler@9c6c0d6
2022-09-26 22:23:19.213 DEBUG [gateway-service,62671175c301fd80,62671175c301fd80] 30873 --- [reactor-http-epoll-2] o.s.c.g.handler.FilteringWebHandler      : Sorted gatewayFilterFactories: [[GatewayFilterAdapter{delegate=org.springframework.cloud.gateway.filter.RemoveCachedBodyFilter@575af301}, order = -2147483648], [GatewayFilterAdapter{delegate=org.springframework.cloud.gateway.filter.AdaptCachedBodyGlobalFilter@45c8221d}, order = -2147482648], [GatewayFilterAdapter{delegate=org.springframework.cloud.gateway.filter.NettyWriteResponseFilter@40a88d}, order = -1], [GatewayFilterAdapter{delegate=org.springframework.cloud.gateway.filter.ForwardPathFilter@7cc3d912}, order = 0], [GatewayFilterAdapter{delegate=org.springframework.cloud.gateway.filter.GatewayMetricsFilter@7900182e}, order = 0], [[RewritePath /v3/api-docs/(?<path>.*) = '/${path}/v3/api-docs'], order = 1], [GatewayFilterAdapter{delegate=org.springframework.cloud.gateway.filter.RouteToRequestUrlFilter@2a65ec22}, order = 10000], [GatewayFilterAdapter{delegate=org.springframework.cloud.gateway.filter.ReactiveLoadBalancerClientFilter@1ff91682}, order = 10150], [GatewayFilterAdapter{delegate=org.springframework.cloud.gateway.filter.LoadBalancerServiceInstanceCookieFilter@283abf0f}, order = 10151], [GatewayFilterAdapter{delegate=org.springframework.cloud.gateway.filter.WebsocketRoutingFilter@7c01ff70}, order = 2147483646], [GatewayFilterAdapter{delegate=org.springframework.cloud.gateway.filter.NettyRoutingFilter@12883f96}, order = 2147483647], [GatewayFilterAdapter{delegate=org.springframework.cloud.gateway.filter.ForwardRoutingFilter@79421277}, order = 2147483647]]
2022-09-26 22:23:19.227 DEBUG [gateway-service,62671175c301fd80,2665f41a3d494063] 30873 --- [reactor-http-epoll-4] o.s.c.g.h.RoutePredicateHandlerMapping   : Route matched: user-service
2022-09-26 22:23:19.227 DEBUG [gateway-service,62671175c301fd80,2665f41a3d494063] 30873 --- [reactor-http-epoll-4] o.s.c.g.h.RoutePredicateHandlerMapping   : Mapping [Exchange: GET http://localhost:8084/users/v3/api-docs] to Route{id='user-service', uri=lb://user-service, order=0, predicate=Paths: [/users/**], match trailing slash: true, gatewayFilters=[[[RewritePath /users/(?<path>.*) = '/${path}'], order = 1]], metadata={}}
2022-09-26 22:23:19.228 DEBUG [gateway-service,62671175c301fd80,2665f41a3d494063] 30873 --- [reactor-http-epoll-4] o.s.c.g.h.RoutePredicateHandlerMapping   : [b78f24ef-6] Mapped to org.springframework.cloud.gateway.handler.FilteringWebHandler@9c6c0d6
2022-09-26 22:23:19.228 DEBUG [gateway-service,62671175c301fd80,2665f41a3d494063] 30873 --- [reactor-http-epoll-4] o.s.c.g.handler.FilteringWebHandler      : Sorted gatewayFilterFactories: [[GatewayFilterAdapter{delegate=org.springframework.cloud.gateway.filter.RemoveCachedBodyFilter@575af301}, order = -2147483648], [GatewayFilterAdapter{delegate=org.springframework.cloud.gateway.filter.AdaptCachedBodyGlobalFilter@45c8221d}, order = -2147482648], [GatewayFilterAdapter{delegate=org.springframework.cloud.gateway.filter.NettyWriteResponseFilter@40a88d}, order = -1], [GatewayFilterAdapter{delegate=org.springframework.cloud.gateway.filter.ForwardPathFilter@7cc3d912}, order = 0], [GatewayFilterAdapter{delegate=org.springframework.cloud.gateway.filter.GatewayMetricsFilter@7900182e}, order = 0], [[RewritePath /users/(?<path>.*) = '/${path}'], order = 1], [GatewayFilterAdapter{delegate=org.springframework.cloud.gateway.filter.RouteToRequestUrlFilter@2a65ec22}, order = 10000], [GatewayFilterAdapter{delegate=org.springframework.cloud.gateway.filter.ReactiveLoadBalancerClientFilter@1ff91682}, order = 10150], [GatewayFilterAdapter{delegate=org.springframework.cloud.gateway.filter.LoadBalancerServiceInstanceCookieFilter@283abf0f}, order = 10151], [GatewayFilterAdapter{delegate=org.springframework.cloud.gateway.filter.WebsocketRoutingFilter@7c01ff70}, order = 2147483646], [GatewayFilterAdapter{delegate=org.springframework.cloud.gateway.filter.NettyRoutingFilter@12883f96}, order = 2147483647], [GatewayFilterAdapter{delegate=org.springframework.cloud.gateway.filter.ForwardRoutingFilter@79421277}, order = 2147483647]]
2022-09-26 22:23:19.249 DEBUG [gateway-service,62671175c301fd80,2665f41a3d494063] 30873 --- [reactor-http-epoll-4] o.s.c.g.r.RouteDefinitionRouteLocator    : RouteDefinition ReactiveCompositeDiscoveryClient_TASK-SERVICE applying {pattern=/TASK-SERVICE/**} to Path
2022-09-26 22:23:19.252 DEBUG [gateway-service,62671175c301fd80,2665f41a3d494063] 30873 --- [reactor-http-epoll-4] o.s.c.g.r.RouteDefinitionRouteLocator    : RouteDefinition ReactiveCompositeDiscoveryClient_TASK-SERVICE applying filter {regexp=/TASK-SERVICE/?(?<remaining>.*), replacement=/${remaining}} to RewritePath
2022-09-26 22:23:19.253 DEBUG [gateway-service,62671175c301fd80,2665f41a3d494063] 30873 --- [reactor-http-epoll-4] o.s.c.g.r.RouteDefinitionRouteLocator    : RouteDefinition matched: ReactiveCompositeDiscoveryClient_TASK-SERVICE
2022-09-26 22:23:19.254 DEBUG [gateway-service,62671175c301fd80,2665f41a3d494063] 30873 --- [reactor-http-epoll-4] o.s.c.g.r.RouteDefinitionRouteLocator    : RouteDefinition ReactiveCompositeDiscoveryClient_USER-SERVICE applying {pattern=/USER-SERVICE/**} to Path
2022-09-26 22:23:19.255 DEBUG [gateway-service,62671175c301fd80,2665f41a3d494063] 30873 --- [reactor-http-epoll-4] o.s.c.g.r.RouteDefinitionRouteLocator    : RouteDefinition ReactiveCompositeDiscoveryClient_USER-SERVICE applying filter {regexp=/USER-SERVICE/?(?<remaining>.*), replacement=/${remaining}} to RewritePath
2022-09-26 22:23:19.256 DEBUG [gateway-service,62671175c301fd80,2665f41a3d494063] 30873 --- [reactor-http-epoll-4] o.s.c.g.r.RouteDefinitionRouteLocator    : RouteDefinition matched: ReactiveCompositeDiscoveryClient_USER-SERVICE
2022-09-26 22:23:19.257 DEBUG [gateway-service,62671175c301fd80,2665f41a3d494063] 30873 --- [reactor-http-epoll-4] o.s.c.g.r.RouteDefinitionRouteLocator    : RouteDefinition user-service applying {_genkey_0=/users/**} to Path
2022-09-26 22:23:19.258 DEBUG [gateway-service,62671175c301fd80,2665f41a3d494063] 30873 --- [reactor-http-epoll-4] o.s.c.g.r.RouteDefinitionRouteLocator    : RouteDefinition user-service applying filter {_genkey_0=/users/(?<path>.*), _genkey_1=/$\{path}} to RewritePath
2022-09-26 22:23:19.259 DEBUG [gateway-service,62671175c301fd80,2665f41a3d494063] 30873 --- [reactor-http-epoll-4] o.s.c.g.r.RouteDefinitionRouteLocator    : RouteDefinition matched: user-service
2022-09-26 22:23:19.260 DEBUG [gateway-service,62671175c301fd80,2665f41a3d494063] 30873 --- [reactor-http-epoll-4] o.s.c.g.r.RouteDefinitionRouteLocator    : RouteDefinition task-service applying {_genkey_0=/tasks/**} to Path
2022-09-26 22:23:19.260 DEBUG [gateway-service,62671175c301fd80,2665f41a3d494063] 30873 --- [reactor-http-epoll-4] o.s.c.g.r.RouteDefinitionRouteLocator    : RouteDefinition task-service applying filter {_genkey_0=/tasks/(?<path>.*), _genkey_1=/$\{path}} to RewritePath
2022-09-26 22:23:19.261 DEBUG [gateway-service,62671175c301fd80,2665f41a3d494063] 30873 --- [reactor-http-epoll-4] o.s.c.g.r.RouteDefinitionRouteLocator    : RouteDefinition matched: task-service
2022-09-26 22:23:19.262 DEBUG [gateway-service,62671175c301fd80,2665f41a3d494063] 30873 --- [reactor-http-epoll-4] o.s.c.g.r.RouteDefinitionRouteLocator    : RouteDefinition openapi applying {_genkey_0=/v3/api-docs/**} to Path
2022-09-26 22:23:19.262 DEBUG [gateway-service,62671175c301fd80,2665f41a3d494063] 30873 --- [reactor-http-epoll-4] o.s.c.g.r.RouteDefinitionRouteLocator    : RouteDefinition openapi applying filter {_genkey_0=/v3/api-docs/(?<path>.*), _genkey_1=/$\{path}/v3/api-docs} to RewritePath
2022-09-26 22:23:19.263 DEBUG [gateway-service,62671175c301fd80,2665f41a3d494063] 30873 --- [reactor-http-epoll-4] o.s.c.g.r.RouteDefinitionRouteLocator    : RouteDefinition matched: openapi
2022-09-26 22:23:19.266 DEBUG [gateway-service,62671175c301fd80,2665f41a3d494063] 30873 --- [reactor-http-epoll-4] o.s.c.g.filter.GatewayMetricsFilter      : New routes count: 5
2022-09-26 22:23:22.435 DEBUG [gateway-service,63b9f74ac2ebc8d1,63b9f74ac2ebc8d1] 30873 --- [reactor-http-epoll-2] o.s.w.r.handler.SimpleUrlHandlerMapping  : [137bd173-7] Mapped to ResourceWebHandler [classpath [META-INF/resources/], classpath [resources/], classpath [static/], classpath [public/]]
2022-09-26 22:23:22.437 DEBUG [gateway-service,63b9f74ac2ebc8d1,63b9f74ac2ebc8d1] 30873 --- [reactor-http-epoll-2] o.s.w.r.resource.ResourceWebHandler      : [137bd173-7] Resource not found
2022-09-26 22:23:41.126 DEBUG [gateway-service,,] 30873 --- [DiscoveryClient-CacheRefreshExecutor-0] o.s.c.g.r.RouteDefinitionRouteLocator    : RouteDefinition ReactiveCompositeDiscoveryClient_TASK-SERVICE applying {pattern=/TASK-SERVICE/**} to Path
2022-09-26 22:23:41.128 DEBUG [gateway-service,,] 30873 --- [DiscoveryClient-CacheRefreshExecutor-0] o.s.c.g.r.RouteDefinitionRouteLocator    : RouteDefinition ReactiveCompositeDiscoveryClient_TASK-SERVICE applying filter {regexp=/TASK-SERVICE/?(?<remaining>.*), replacement=/${remaining}} to RewritePath
2022-09-26 22:23:41.129 DEBUG [gateway-service,,] 30873 --- [DiscoveryClient-CacheRefreshExecutor-0] o.s.c.g.r.RouteDefinitionRouteLocator    : RouteDefinition matched: ReactiveCompositeDiscoveryClient_TASK-SERVICE
2022-09-26 22:23:41.130 DEBUG [gateway-service,,] 30873 --- [DiscoveryClient-CacheRefreshExecutor-0] o.s.c.g.r.RouteDefinitionRouteLocator    : RouteDefinition ReactiveCompositeDiscoveryClient_GATEWAY-SERVICE applying {pattern=/GATEWAY-SERVICE/**} to Path
2022-09-26 22:23:41.132 DEBUG [gateway-service,,] 30873 --- [DiscoveryClient-CacheRefreshExecutor-0] o.s.c.g.r.RouteDefinitionRouteLocator    : RouteDefinition ReactiveCompositeDiscoveryClient_GATEWAY-SERVICE applying filter {regexp=/GATEWAY-SERVICE/?(?<remaining>.*), replacement=/${remaining}} to RewritePath
2022-09-26 22:23:41.133 DEBUG [gateway-service,,] 30873 --- [DiscoveryClient-CacheRefreshExecutor-0] o.s.c.g.r.RouteDefinitionRouteLocator    : RouteDefinition matched: ReactiveCompositeDiscoveryClient_GATEWAY-SERVICE
2022-09-26 22:23:41.133 DEBUG [gateway-service,,] 30873 --- [DiscoveryClient-CacheRefreshExecutor-0] o.s.c.g.r.RouteDefinitionRouteLocator    : RouteDefinition ReactiveCompositeDiscoveryClient_USER-SERVICE applying {pattern=/USER-SERVICE/**} to Path
2022-09-26 22:23:41.134 DEBUG [gateway-service,,] 30873 --- [DiscoveryClient-CacheRefreshExecutor-0] o.s.c.g.r.RouteDefinitionRouteLocator    : RouteDefinition ReactiveCompositeDiscoveryClient_USER-SERVICE applying filter {regexp=/USER-SERVICE/?(?<remaining>.*), replacement=/${remaining}} to RewritePath
2022-09-26 22:23:41.135 DEBUG [gateway-service,,] 30873 --- [DiscoveryClient-CacheRefreshExecutor-0] o.s.c.g.r.RouteDefinitionRouteLocator    : RouteDefinition matched: ReactiveCompositeDiscoveryClient_USER-SERVICE
2022-09-26 22:23:41.135 DEBUG [gateway-service,,] 30873 --- [DiscoveryClient-CacheRefreshExecutor-0] o.s.c.g.r.RouteDefinitionRouteLocator    : RouteDefinition user-service applying {_genkey_0=/users/**} to Path
2022-09-26 22:23:41.136 DEBUG [gateway-service,,] 30873 --- [DiscoveryClient-CacheRefreshExecutor-0] o.s.c.g.r.RouteDefinitionRouteLocator    : RouteDefinition user-service applying filter {_genkey_0=/users/(?<path>.*), _genkey_1=/$\{path}} to RewritePath
2022-09-26 22:23:41.137 DEBUG [gateway-service,,] 30873 --- [DiscoveryClient-CacheRefreshExecutor-0] o.s.c.g.r.RouteDefinitionRouteLocator    : RouteDefinition matched: user-service
2022-09-26 22:23:41.138 DEBUG [gateway-service,,] 30873 --- [DiscoveryClient-CacheRefreshExecutor-0] o.s.c.g.r.RouteDefinitionRouteLocator    : RouteDefinition task-service applying {_genkey_0=/tasks/**} to Path
2022-09-26 22:23:41.146 DEBUG [gateway-service,,] 30873 --- [DiscoveryClient-CacheRefreshExecutor-0] o.s.c.g.r.RouteDefinitionRouteLocator    : RouteDefinition task-service applying filter {_genkey_0=/tasks/(?<path>.*), _genkey_1=/$\{path}} to RewritePath
2022-09-26 22:23:41.147 DEBUG [gateway-service,,] 30873 --- [DiscoveryClient-CacheRefreshExecutor-0] o.s.c.g.r.RouteDefinitionRouteLocator    : RouteDefinition matched: task-service
2022-09-26 22:23:41.148 DEBUG [gateway-service,,] 30873 --- [DiscoveryClient-CacheRefreshExecutor-0] o.s.c.g.r.RouteDefinitionRouteLocator    : RouteDefinition openapi applying {_genkey_0=/v3/api-docs/**} to Path
2022-09-26 22:23:41.148 DEBUG [gateway-service,,] 30873 --- [DiscoveryClient-CacheRefreshExecutor-0] o.s.c.g.r.RouteDefinitionRouteLocator    : RouteDefinition openapi applying filter {_genkey_0=/v3/api-docs/(?<path>.*), _genkey_1=/$\{path}/v3/api-docs} to RewritePath
2022-09-26 22:23:41.149 DEBUG [gateway-service,,] 30873 --- [DiscoveryClient-CacheRefreshExecutor-0] o.s.c.g.r.RouteDefinitionRouteLocator    : RouteDefinition matched: openapi
2022-09-26 22:23:41.150 DEBUG [gateway-service,,] 30873 --- [DiscoveryClient-CacheRefreshExecutor-0] o.s.c.g.filter.GatewayMetricsFilter      : New routes count: 6
2022-09-26 22:23:47.788  INFO [gateway-service,,] 30873 --- [SpringApplicationShutdownHook] o.s.c.n.e.s.EurekaServiceRegistry        : Unregistering application GATEWAY-SERVICE with eureka with status DOWN
2022-09-26 22:23:47.789  INFO [gateway-service,,] 30873 --- [SpringApplicationShutdownHook] com.netflix.discovery.DiscoveryClient    : Saw local status change event StatusChangeEvent [timestamp=1664205827789, current=DOWN, previous=UP]
2022-09-26 22:23:47.790  INFO [gateway-service,,] 30873 --- [DiscoveryClient-InstanceInfoReplicator-0] com.netflix.discovery.DiscoveryClient    : DiscoveryClient_GATEWAY-SERVICE/192.168.1.106:gateway-service:8084: registering service...
2022-09-26 22:23:47.795  INFO [gateway-service,,] 30873 --- [DiscoveryClient-InstanceInfoReplicator-0] com.netflix.discovery.DiscoveryClient    : DiscoveryClient_GATEWAY-SERVICE/192.168.1.106:gateway-service:8084 - registration status: 204
2022-09-26 22:23:49.829  INFO [gateway-service,,] 30873 --- [SpringApplicationShutdownHook] com.netflix.discovery.DiscoveryClient    : Shutting down DiscoveryClient ...
2022-09-26 22:23:52.832  INFO [gateway-service,,] 30873 --- [SpringApplicationShutdownHook] com.netflix.discovery.DiscoveryClient    : Unregistering ...
2022-09-26 22:23:52.836  INFO [gateway-service,,] 30873 --- [SpringApplicationShutdownHook] com.netflix.discovery.DiscoveryClient    : DiscoveryClient_GATEWAY-SERVICE/192.168.1.106:gateway-service:8084 - deregister  status: 200
2022-09-26 22:23:52.839  INFO [gateway-service,,] 30873 --- [SpringApplicationShutdownHook] com.netflix.discovery.DiscoveryClient    : Completed shut down of DiscoveryClient
