2022-09-26 22:22:43.186  INFO [gateway,,] 30642 --- [restartedMain] c.k.s.gateway.ApiGatewayApplicationKt    : Starting ApiGatewayApplicationKt using Java 17.0.4.1 on pop-os with PID 30642 (/home/rith/MiniSpring-Microservice/api-gateway/build/classes/kotlin/main started by rith in /home/rith/MiniSpring-Microservice)
2022-09-26 22:22:43.194  INFO [gateway,,] 30642 --- [restartedMain] c.k.s.gateway.ApiGatewayApplicationKt    : No active profile set, falling back to 1 default profile: "default"
2022-09-26 22:22:43.265  INFO [gateway,,] 30642 --- [restartedMain] o.s.c.c.c.ConfigServerConfigDataLoader   : Fetching config from server at : http://localhost:8008
2022-09-26 22:22:43.265  INFO [gateway,,] 30642 --- [restartedMain] o.s.c.c.c.ConfigServerConfigDataLoader   : Located environment: name=gateway, profiles=[default], label=null, version=769a50903fdf5d3653afcdaedb5ca2d7e8901c16, state=null
2022-09-26 22:22:43.268  INFO [gateway,,] 30642 --- [restartedMain] .e.DevToolsPropertyDefaultsPostProcessor : Devtools property defaults active! Set 'spring.devtools.add-properties' to 'false' to disable
2022-09-26 22:22:43.268  INFO [gateway,,] 30642 --- [restartedMain] .e.DevToolsPropertyDefaultsPostProcessor : For additional web related logging consider setting the 'logging.level.web' property to 'DEBUG'
2022-09-26 22:22:44.818  INFO [gateway,,] 30642 --- [restartedMain] o.s.cloud.context.scope.GenericScope     : BeanFactory id=569559e1-274c-3cbe-8523-296ed72a0679
2022-09-26 22:22:45.073  INFO [gateway,,] 30642 --- [restartedMain] trationDelegate$BeanPostProcessorChecker : Bean 'org.springframework.cloud.client.loadbalancer.reactive.LoadBalancerBeanPostProcessorAutoConfiguration' of type [org.springframework.cloud.client.loadbalancer.reactive.LoadBalancerBeanPostProcessorAutoConfiguration] is not eligible for getting processed by all BeanPostProcessors (for example: not eligible for auto-proxying)
2022-09-26 22:22:45.076  INFO [gateway,,] 30642 --- [restartedMain] trationDelegate$BeanPostProcessorChecker : Bean 'org.springframework.cloud.client.loadbalancer.reactive.LoadBalancerBeanPostProcessorAutoConfiguration$ReactorDeferringLoadBalancerFilterConfig' of type [org.springframework.cloud.client.loadbalancer.reactive.LoadBalancerBeanPostProcessorAutoConfiguration$ReactorDeferringLoadBalancerFilterConfig] is not eligible for getting processed by all BeanPostProcessors (for example: not eligible for auto-proxying)
2022-09-26 22:22:45.078  INFO [gateway,,] 30642 --- [restartedMain] trationDelegate$BeanPostProcessorChecker : Bean 'reactorDeferringLoadBalancerExchangeFilterFunction' of type [org.springframework.cloud.client.loadbalancer.reactive.DeferringLoadBalancerExchangeFilterFunction] is not eligible for getting processed by all BeanPostProcessors (for example: not eligible for auto-proxying)
2022-09-26 22:22:45.845 DEBUG [gateway,,] 30642 --- [restartedMain] o.s.c.gateway.config.GatewayProperties   : Routes supplied from Gateway Properties: [RouteDefinition{id='user-service', predicates=[PredicateDefinition{name='Path', args={_genkey_0=/users/**}}], filters=[FilterDefinition{name='RewritePath', args={_genkey_0=/users/(?<path>.*), _genkey_1=/$\{path}}}], uri=lb://user-service, order=0, metadata={}}, RouteDefinition{id='task-service', predicates=[PredicateDefinition{name='Path', args={_genkey_0=/tasks/**}}], filters=[FilterDefinition{name='RewritePath', args={_genkey_0=/tasks/(?<path>.*), _genkey_1=/$\{path}}}], uri=lb://task-service, order=0, metadata={}}, RouteDefinition{id='openapi', predicates=[PredicateDefinition{name='Path', args={_genkey_0=/v3/api-docs/**}}], filters=[FilterDefinition{name='RewritePath', args={_genkey_0=/v3/api-docs/(?<path>.*), _genkey_1=/$\{path}/v3/api-docs}}], uri=http://localhost:8084, order=0, metadata={}}]
2022-09-26 22:22:46.227  INFO [gateway,,] 30642 --- [restartedMain] o.s.c.g.r.RouteDefinitionRouteLocator    : Loaded RoutePredicateFactory [After]
2022-09-26 22:22:46.227  INFO [gateway,,] 30642 --- [restartedMain] o.s.c.g.r.RouteDefinitionRouteLocator    : Loaded RoutePredicateFactory [Before]
2022-09-26 22:22:46.227  INFO [gateway,,] 30642 --- [restartedMain] o.s.c.g.r.RouteDefinitionRouteLocator    : Loaded RoutePredicateFactory [Between]
2022-09-26 22:22:46.227  INFO [gateway,,] 30642 --- [restartedMain] o.s.c.g.r.RouteDefinitionRouteLocator    : Loaded RoutePredicateFactory [Cookie]
2022-09-26 22:22:46.227  INFO [gateway,,] 30642 --- [restartedMain] o.s.c.g.r.RouteDefinitionRouteLocator    : Loaded RoutePredicateFactory [Header]
2022-09-26 22:22:46.227  INFO [gateway,,] 30642 --- [restartedMain] o.s.c.g.r.RouteDefinitionRouteLocator    : Loaded RoutePredicateFactory [Host]
2022-09-26 22:22:46.227  INFO [gateway,,] 30642 --- [restartedMain] o.s.c.g.r.RouteDefinitionRouteLocator    : Loaded RoutePredicateFactory [Method]
2022-09-26 22:22:46.228  INFO [gateway,,] 30642 --- [restartedMain] o.s.c.g.r.RouteDefinitionRouteLocator    : Loaded RoutePredicateFactory [Path]
2022-09-26 22:22:46.228  INFO [gateway,,] 30642 --- [restartedMain] o.s.c.g.r.RouteDefinitionRouteLocator    : Loaded RoutePredicateFactory [Query]
2022-09-26 22:22:46.228  INFO [gateway,,] 30642 --- [restartedMain] o.s.c.g.r.RouteDefinitionRouteLocator    : Loaded RoutePredicateFactory [ReadBody]
2022-09-26 22:22:46.228  INFO [gateway,,] 30642 --- [restartedMain] o.s.c.g.r.RouteDefinitionRouteLocator    : Loaded RoutePredicateFactory [RemoteAddr]
2022-09-26 22:22:46.228  INFO [gateway,,] 30642 --- [restartedMain] o.s.c.g.r.RouteDefinitionRouteLocator    : Loaded RoutePredicateFactory [XForwardedRemoteAddr]
2022-09-26 22:22:46.228  INFO [gateway,,] 30642 --- [restartedMain] o.s.c.g.r.RouteDefinitionRouteLocator    : Loaded RoutePredicateFactory [Weight]
2022-09-26 22:22:46.228  INFO [gateway,,] 30642 --- [restartedMain] o.s.c.g.r.RouteDefinitionRouteLocator    : Loaded RoutePredicateFactory [CloudFoundryRouteService]
2022-09-26 22:22:46.333 DEBUG [gateway,,] 30642 --- [restartedMain] s.w.r.r.m.a.RequestMappingHandlerMapping : 4 mappings in 'requestMappingHandlerMapping'
2022-09-26 22:22:46.785 DEBUG [gateway,,] 30642 --- [restartedMain] o.s.w.r.handler.SimpleUrlHandlerMapping  : Patterns [/webjars/**, /**] in 'resourceHandlerMapping'
2022-09-26 22:22:47.075  INFO [gateway,,] 30642 --- [restartedMain] o.s.b.a.e.web.EndpointLinksResolver      : Exposing 19 endpoint(s) beneath base path '/actuator'
2022-09-26 22:22:47.130 DEBUG [gateway,,] 30642 --- [restartedMain] o.s.w.r.r.m.a.ControllerMethodResolver   : ControllerAdvice beans: 0 @ModelAttribute, 0 @InitBinder, 1 @ExceptionHandler
2022-09-26 22:22:47.565  WARN [gateway,,] 30642 --- [restartedMain] o.s.b.d.a.OptionalLiveReloadServer       : Unable to start LiveReload server
2022-09-26 22:22:47.574  INFO [gateway,,] 30642 --- [restartedMain] DiscoveryClientOptionalArgsConfiguration : Eureka HTTP Client uses RestTemplate.
2022-09-26 22:22:47.659  WARN [gateway,,] 30642 --- [restartedMain] iguration$LoadBalancerCaffeineWarnLogger : Spring Cloud LoadBalancer is currently working with the default cache. While this cache implementation is useful for development and tests, it's recommended to use Caffeine cache in production.You can switch to using Caffeine cache, by adding it and org.springframework.cache.caffeine.CaffeineCacheManager to the classpath.
2022-09-26 22:22:47.752  INFO [gateway,,] 30642 --- [restartedMain] o.s.c.n.eureka.InstanceInfoFactory       : Setting initial instance status as: STARTING
2022-09-26 22:22:47.792  INFO [gateway,,] 30642 --- [restartedMain] com.netflix.discovery.DiscoveryClient    : Initializing Eureka in region us-east-1
2022-09-26 22:22:47.798  INFO [gateway,,] 30642 --- [restartedMain] c.n.d.s.r.aws.ConfigClusterResolver      : Resolving eureka endpoints via configuration
2022-09-26 22:22:47.817  INFO [gateway,,] 30642 --- [restartedMain] com.netflix.discovery.DiscoveryClient    : Disable delta property : false
2022-09-26 22:22:47.817  INFO [gateway,,] 30642 --- [restartedMain] com.netflix.discovery.DiscoveryClient    : Single vip registry refresh property : null
2022-09-26 22:22:47.818  INFO [gateway,,] 30642 --- [restartedMain] com.netflix.discovery.DiscoveryClient    : Force full registry fetch : false
2022-09-26 22:22:47.818  INFO [gateway,,] 30642 --- [restartedMain] com.netflix.discovery.DiscoveryClient    : Application is null : false
2022-09-26 22:22:47.818  INFO [gateway,,] 30642 --- [restartedMain] com.netflix.discovery.DiscoveryClient    : Registered Applications size is zero : true
2022-09-26 22:22:47.818  INFO [gateway,,] 30642 --- [restartedMain] com.netflix.discovery.DiscoveryClient    : Application version is -1: true
2022-09-26 22:22:47.818  INFO [gateway,,] 30642 --- [restartedMain] com.netflix.discovery.DiscoveryClient    : Getting all instance registry info from the eureka server
2022-09-26 22:22:48.099  INFO [gateway,,] 30642 --- [restartedMain] com.netflix.discovery.DiscoveryClient    : The response status is 200
2022-09-26 22:22:48.102  INFO [gateway,,] 30642 --- [restartedMain] com.netflix.discovery.DiscoveryClient    : Starting heartbeat executor: renew interval is: 30
2022-09-26 22:22:48.105  INFO [gateway,,] 30642 --- [restartedMain] c.n.discovery.InstanceInfoReplicator     : InstanceInfoReplicator onDemand update allowed rate per min is 4
2022-09-26 22:22:48.109  INFO [gateway,,] 30642 --- [restartedMain] com.netflix.discovery.DiscoveryClient    : Discovery Client initialized at timestamp 1664205768109 with initial instances count: 3
2022-09-26 22:22:48.113  INFO [gateway,,] 30642 --- [restartedMain] o.s.c.n.e.s.EurekaServiceRegistry        : Registering application GATEWAY with eureka with status UP
2022-09-26 22:22:48.113  INFO [gateway,,] 30642 --- [restartedMain] com.netflix.discovery.DiscoveryClient    : Saw local status change event StatusChangeEvent [timestamp=1664205768113, current=UP, previous=STARTING]
2022-09-26 22:22:48.114  INFO [gateway,,] 30642 --- [DiscoveryClient-InstanceInfoReplicator-0] com.netflix.discovery.DiscoveryClient    : DiscoveryClient_GATEWAY/192.168.1.106:gateway:8084: registering service...
2022-09-26 22:22:48.143 DEBUG [gateway,,] 30642 --- [restartedMain] o.s.c.g.r.RouteDefinitionRouteLocator    : RouteDefinition ReactiveCompositeDiscoveryClient_TASK-SERVICE applying {pattern=/TASK-SERVICE/**} to Path
2022-09-26 22:22:48.146  INFO [gateway,,] 30642 --- [DiscoveryClient-InstanceInfoReplicator-0] com.netflix.discovery.DiscoveryClient    : DiscoveryClient_GATEWAY/192.168.1.106:gateway:8084 - registration status: 204
2022-09-26 22:22:48.162 DEBUG [gateway,,] 30642 --- [restartedMain] o.s.c.g.r.RouteDefinitionRouteLocator    : RouteDefinition ReactiveCompositeDiscoveryClient_TASK-SERVICE applying filter {regexp=/TASK-SERVICE/?(?<remaining>.*), replacement=/${remaining}} to RewritePath
2022-09-26 22:22:48.171 DEBUG [gateway,,] 30642 --- [restartedMain] o.s.c.g.r.RouteDefinitionRouteLocator    : RouteDefinition matched: ReactiveCompositeDiscoveryClient_TASK-SERVICE
2022-09-26 22:22:48.172 DEBUG [gateway,,] 30642 --- [restartedMain] o.s.c.g.r.RouteDefinitionRouteLocator    : RouteDefinition ReactiveCompositeDiscoveryClient_GATEWAY-SERVICE applying {pattern=/GATEWAY-SERVICE/**} to Path
2022-09-26 22:22:48.173 DEBUG [gateway,,] 30642 --- [restartedMain] o.s.c.g.r.RouteDefinitionRouteLocator    : RouteDefinition ReactiveCompositeDiscoveryClient_GATEWAY-SERVICE applying filter {regexp=/GATEWAY-SERVICE/?(?<remaining>.*), replacement=/${remaining}} to RewritePath
2022-09-26 22:22:48.174 DEBUG [gateway,,] 30642 --- [restartedMain] o.s.c.g.r.RouteDefinitionRouteLocator    : RouteDefinition matched: ReactiveCompositeDiscoveryClient_GATEWAY-SERVICE
2022-09-26 22:22:48.175 DEBUG [gateway,,] 30642 --- [restartedMain] o.s.c.g.r.RouteDefinitionRouteLocator    : RouteDefinition ReactiveCompositeDiscoveryClient_USER-SERVICE applying {pattern=/USER-SERVICE/**} to Path
2022-09-26 22:22:48.176 DEBUG [gateway,,] 30642 --- [restartedMain] o.s.c.g.r.RouteDefinitionRouteLocator    : RouteDefinition ReactiveCompositeDiscoveryClient_USER-SERVICE applying filter {regexp=/USER-SERVICE/?(?<remaining>.*), replacement=/${remaining}} to RewritePath
2022-09-26 22:22:48.176 DEBUG [gateway,,] 30642 --- [restartedMain] o.s.c.g.r.RouteDefinitionRouteLocator    : RouteDefinition matched: ReactiveCompositeDiscoveryClient_USER-SERVICE
2022-09-26 22:22:48.176 DEBUG [gateway,,] 30642 --- [restartedMain] o.s.c.g.r.RouteDefinitionRouteLocator    : RouteDefinition user-service applying {_genkey_0=/users/**} to Path
2022-09-26 22:22:48.177 DEBUG [gateway,,] 30642 --- [restartedMain] o.s.c.g.r.RouteDefinitionRouteLocator    : RouteDefinition user-service applying filter {_genkey_0=/users/(?<path>.*), _genkey_1=/$\{path}} to RewritePath
2022-09-26 22:22:48.178 DEBUG [gateway,,] 30642 --- [restartedMain] o.s.c.g.r.RouteDefinitionRouteLocator    : RouteDefinition matched: user-service
2022-09-26 22:22:48.178 DEBUG [gateway,,] 30642 --- [restartedMain] o.s.c.g.r.RouteDefinitionRouteLocator    : RouteDefinition task-service applying {_genkey_0=/tasks/**} to Path
2022-09-26 22:22:48.179 DEBUG [gateway,,] 30642 --- [restartedMain] o.s.c.g.r.RouteDefinitionRouteLocator    : RouteDefinition task-service applying filter {_genkey_0=/tasks/(?<path>.*), _genkey_1=/$\{path}} to RewritePath
2022-09-26 22:22:48.179 DEBUG [gateway,,] 30642 --- [restartedMain] o.s.c.g.r.RouteDefinitionRouteLocator    : RouteDefinition matched: task-service
2022-09-26 22:22:48.180 DEBUG [gateway,,] 30642 --- [restartedMain] o.s.c.g.r.RouteDefinitionRouteLocator    : RouteDefinition openapi applying {_genkey_0=/v3/api-docs/**} to Path
2022-09-26 22:22:48.180 DEBUG [gateway,,] 30642 --- [restartedMain] o.s.c.g.r.RouteDefinitionRouteLocator    : RouteDefinition openapi applying filter {_genkey_0=/v3/api-docs/(?<path>.*), _genkey_1=/$\{path}/v3/api-docs} to RewritePath
2022-09-26 22:22:48.181 DEBUG [gateway,,] 30642 --- [restartedMain] o.s.c.g.r.RouteDefinitionRouteLocator    : RouteDefinition matched: openapi
2022-09-26 22:22:48.188 DEBUG [gateway,,] 30642 --- [restartedMain] o.s.c.g.filter.GatewayMetricsFilter      : New routes count: 6
2022-09-26 22:22:48.310  INFO [gateway,,] 30642 --- [restartedMain] o.s.b.web.embedded.netty.NettyWebServer  : Netty started on port 8084
2022-09-26 22:22:48.311  INFO [gateway,,] 30642 --- [restartedMain] .s.c.n.e.s.EurekaAutoServiceRegistration : Updating port to 8084
2022-09-26 22:22:48.393 DEBUG [gateway,,] 30642 --- [restartedMain] o.s.c.g.r.RouteDefinitionRouteLocator    : RouteDefinition ReactiveCompositeDiscoveryClient_TASK-SERVICE applying {pattern=/TASK-SERVICE/**} to Path
2022-09-26 22:22:48.395 DEBUG [gateway,,] 30642 --- [restartedMain] o.s.c.g.r.RouteDefinitionRouteLocator    : RouteDefinition ReactiveCompositeDiscoveryClient_TASK-SERVICE applying filter {regexp=/TASK-SERVICE/?(?<remaining>.*), replacement=/${remaining}} to RewritePath
2022-09-26 22:22:48.396 DEBUG [gateway,,] 30642 --- [restartedMain] o.s.c.g.r.RouteDefinitionRouteLocator    : RouteDefinition matched: ReactiveCompositeDiscoveryClient_TASK-SERVICE
2022-09-26 22:22:48.396 DEBUG [gateway,,] 30642 --- [restartedMain] o.s.c.g.r.RouteDefinitionRouteLocator    : RouteDefinition ReactiveCompositeDiscoveryClient_GATEWAY-SERVICE applying {pattern=/GATEWAY-SERVICE/**} to Path
2022-09-26 22:22:48.398 DEBUG [gateway,,] 30642 --- [restartedMain] o.s.c.g.r.RouteDefinitionRouteLocator    : RouteDefinition ReactiveCompositeDiscoveryClient_GATEWAY-SERVICE applying filter {regexp=/GATEWAY-SERVICE/?(?<remaining>.*), replacement=/${remaining}} to RewritePath
2022-09-26 22:22:48.399 DEBUG [gateway,,] 30642 --- [restartedMain] o.s.c.g.r.RouteDefinitionRouteLocator    : RouteDefinition matched: ReactiveCompositeDiscoveryClient_GATEWAY-SERVICE
2022-09-26 22:22:48.399 DEBUG [gateway,,] 30642 --- [restartedMain] o.s.c.g.r.RouteDefinitionRouteLocator    : RouteDefinition ReactiveCompositeDiscoveryClient_USER-SERVICE applying {pattern=/USER-SERVICE/**} to Path
2022-09-26 22:22:48.401 DEBUG [gateway,,] 30642 --- [restartedMain] o.s.c.g.r.RouteDefinitionRouteLocator    : RouteDefinition ReactiveCompositeDiscoveryClient_USER-SERVICE applying filter {regexp=/USER-SERVICE/?(?<remaining>.*), replacement=/${remaining}} to RewritePath
2022-09-26 22:22:48.402 DEBUG [gateway,,] 30642 --- [restartedMain] o.s.c.g.r.RouteDefinitionRouteLocator    : RouteDefinition matched: ReactiveCompositeDiscoveryClient_USER-SERVICE
2022-09-26 22:22:48.402 DEBUG [gateway,,] 30642 --- [restartedMain] o.s.c.g.r.RouteDefinitionRouteLocator    : RouteDefinition user-service applying {_genkey_0=/users/**} to Path
2022-09-26 22:22:48.403 DEBUG [gateway,,] 30642 --- [restartedMain] o.s.c.g.r.RouteDefinitionRouteLocator    : RouteDefinition user-service applying filter {_genkey_0=/users/(?<path>.*), _genkey_1=/$\{path}} to RewritePath
2022-09-26 22:22:48.404 DEBUG [gateway,,] 30642 --- [restartedMain] o.s.c.g.r.RouteDefinitionRouteLocator    : RouteDefinition matched: user-service
2022-09-26 22:22:48.404 DEBUG [gateway,,] 30642 --- [restartedMain] o.s.c.g.r.RouteDefinitionRouteLocator    : RouteDefinition task-service applying {_genkey_0=/tasks/**} to Path
2022-09-26 22:22:48.405 DEBUG [gateway,,] 30642 --- [restartedMain] o.s.c.g.r.RouteDefinitionRouteLocator    : RouteDefinition task-service applying filter {_genkey_0=/tasks/(?<path>.*), _genkey_1=/$\{path}} to RewritePath
2022-09-26 22:22:48.406 DEBUG [gateway,,] 30642 --- [restartedMain] o.s.c.g.r.RouteDefinitionRouteLocator    : RouteDefinition matched: task-service
2022-09-26 22:22:48.406 DEBUG [gateway,,] 30642 --- [restartedMain] o.s.c.g.r.RouteDefinitionRouteLocator    : RouteDefinition openapi applying {_genkey_0=/v3/api-docs/**} to Path
2022-09-26 22:22:48.407 DEBUG [gateway,,] 30642 --- [restartedMain] o.s.c.g.r.RouteDefinitionRouteLocator    : RouteDefinition openapi applying filter {_genkey_0=/v3/api-docs/(?<path>.*), _genkey_1=/$\{path}/v3/api-docs} to RewritePath
2022-09-26 22:22:48.407 DEBUG [gateway,,] 30642 --- [restartedMain] o.s.c.g.r.RouteDefinitionRouteLocator    : RouteDefinition matched: openapi
2022-09-26 22:22:48.410 DEBUG [gateway,,] 30642 --- [restartedMain] o.s.c.g.filter.GatewayMetricsFilter      : New routes count: 6
2022-09-26 22:22:48.415  INFO [gateway,,] 30642 --- [restartedMain] c.k.s.gateway.ApiGatewayApplicationKt    : Started ApiGatewayApplicationKt in 8.94 seconds (JVM running for 9.664)
2022-09-26 22:22:53.212  INFO [gateway,,] 30642 --- [SpringApplicationShutdownHook] o.s.c.n.e.s.EurekaServiceRegistry        : Unregistering application GATEWAY with eureka with status DOWN
2022-09-26 22:22:53.213  INFO [gateway,,] 30642 --- [SpringApplicationShutdownHook] com.netflix.discovery.DiscoveryClient    : Saw local status change event StatusChangeEvent [timestamp=1664205773213, current=DOWN, previous=UP]
2022-09-26 22:22:53.213  INFO [gateway,,] 30642 --- [DiscoveryClient-InstanceInfoReplicator-0] com.netflix.discovery.DiscoveryClient    : DiscoveryClient_GATEWAY/192.168.1.106:gateway:8084: registering service...
2022-09-26 22:22:53.221  INFO [gateway,,] 30642 --- [DiscoveryClient-InstanceInfoReplicator-0] com.netflix.discovery.DiscoveryClient    : DiscoveryClient_GATEWAY/192.168.1.106:gateway:8084 - registration status: 204
2022-09-26 22:22:55.259  INFO [gateway,,] 30642 --- [SpringApplicationShutdownHook] com.netflix.discovery.DiscoveryClient    : Shutting down DiscoveryClient ...
2022-09-26 22:22:58.262  INFO [gateway,,] 30642 --- [SpringApplicationShutdownHook] com.netflix.discovery.DiscoveryClient    : Unregistering ...
2022-09-26 22:22:58.269  INFO [gateway,,] 30642 --- [SpringApplicationShutdownHook] com.netflix.discovery.DiscoveryClient    : DiscoveryClient_GATEWAY/192.168.1.106:gateway:8084 - deregister  status: 200
2022-09-26 22:22:58.288  INFO [gateway,,] 30642 --- [SpringApplicationShutdownHook] com.netflix.discovery.DiscoveryClient    : Completed shut down of DiscoveryClient
